DEBUG main io.netty.util.internal.logging.InternalLoggerFactory - Using SLF4J as the default logging framework
DEBUG main io.netty.util.internal.InternalThreadLocalMap - -Dio.netty.threadLocalMap.stringBuilder.initialSize: 1024
DEBUG main io.netty.util.internal.InternalThreadLocalMap - -Dio.netty.threadLocalMap.stringBuilder.maxSize: 4096
DEBUG main io.netty.util.internal.PlatformDependent0 - -Dio.netty.noUnsafe: false
DEBUG main io.netty.util.internal.PlatformDependent0 - Java version: 17
DEBUG main io.netty.util.internal.PlatformDependent0 - sun.misc.Unsafe.theUnsafe: available
DEBUG main io.netty.util.internal.PlatformDependent0 - sun.misc.Unsafe.copyMemory: available
DEBUG main io.netty.util.internal.PlatformDependent0 - sun.misc.Unsafe.storeFence: available
DEBUG main io.netty.util.internal.PlatformDependent0 - java.nio.Buffer.address: available
DEBUG main io.netty.util.internal.PlatformDependent0 - direct buffer constructor: unavailable: Reflective setAccessible(true) disabled
DEBUG main io.netty.util.internal.PlatformDependent0 - java.nio.Bits.unaligned: available, true
DEBUG main io.netty.util.internal.PlatformDependent0 - jdk.internal.misc.Unsafe.allocateUninitializedArray(int): unavailable: class io.netty.util.internal.PlatformDependent0$7 cannot access class jdk.internal.misc.Unsafe (in module java.base) because module java.base does not export jdk.internal.misc to unnamed module @5f4da5c3
DEBUG main io.netty.util.internal.PlatformDependent0 - java.nio.DirectByteBuffer.<init>(long, int): unavailable
DEBUG main io.netty.util.internal.PlatformDependent - sun.misc.Unsafe: available
DEBUG main io.netty.util.internal.PlatformDependent - maxDirectMemory: 4253024256 bytes (maybe)
DEBUG main io.netty.util.internal.PlatformDependent - -Dio.netty.tmpdir: C:\Users\fuzhe\AppData\Local\Temp (java.io.tmpdir)
DEBUG main io.netty.util.internal.PlatformDependent - -Dio.netty.bitMode: 64 (sun.arch.data.model)
DEBUG main io.netty.util.internal.PlatformDependent - Platform: Windows
DEBUG main io.netty.util.internal.PlatformDependent - -Dio.netty.maxDirectMemory: -1 bytes
DEBUG main io.netty.util.internal.PlatformDependent - -Dio.netty.uninitializedArrayAllocationThreshold: -1
DEBUG main io.netty.util.internal.CleanerJava9 - java.nio.ByteBuffer.cleaner(): available
DEBUG main io.netty.util.internal.PlatformDependent - -Dio.netty.noPreferDirect: false
DEBUG main io.netty.util.ResourceLeakDetector - -Dio.netty.leakDetection.level: simple
DEBUG main io.netty.util.ResourceLeakDetector - -Dio.netty.leakDetection.targetRecords: 4
DEBUG main io.netty.buffer.PooledByteBufAllocator - -Dio.netty.allocator.numHeapArenas: 16
DEBUG main io.netty.buffer.PooledByteBufAllocator - -Dio.netty.allocator.numDirectArenas: 16
DEBUG main io.netty.buffer.PooledByteBufAllocator - -Dio.netty.allocator.pageSize: 8192
DEBUG main io.netty.buffer.PooledByteBufAllocator - -Dio.netty.allocator.maxOrder: 9
DEBUG main io.netty.buffer.PooledByteBufAllocator - -Dio.netty.allocator.chunkSize: 4194304
DEBUG main io.netty.buffer.PooledByteBufAllocator - -Dio.netty.allocator.smallCacheSize: 256
DEBUG main io.netty.buffer.PooledByteBufAllocator - -Dio.netty.allocator.normalCacheSize: 64
DEBUG main io.netty.buffer.PooledByteBufAllocator - -Dio.netty.allocator.maxCachedBufferCapacity: 32768
DEBUG main io.netty.buffer.PooledByteBufAllocator - -Dio.netty.allocator.cacheTrimInterval: 8192
DEBUG main io.netty.buffer.PooledByteBufAllocator - -Dio.netty.allocator.cacheTrimIntervalMillis: 0
DEBUG main io.netty.buffer.PooledByteBufAllocator - -Dio.netty.allocator.useCacheForAllThreads: false
DEBUG main io.netty.buffer.PooledByteBufAllocator - -Dio.netty.allocator.maxCachedByteBuffersPerChunk: 1023
DEBUG main io.netty.buffer.ByteBufUtil - -Dio.netty.allocator.type: pooled
DEBUG main io.netty.buffer.ByteBufUtil - -Dio.netty.threadLocalDirectBufferSize: 0
DEBUG main io.netty.buffer.ByteBufUtil - -Dio.netty.maxThreadLocalCharBufferSize: 16384
DEBUG main io.netty.buffer.AbstractByteBuf - -Dio.netty.buffer.checkAccessible: true
DEBUG main io.netty.buffer.AbstractByteBuf - -Dio.netty.buffer.checkBounds: true
DEBUG main io.netty.util.ResourceLeakDetectorFactory - Loaded default ResourceLeakDetector: io.netty.util.ResourceLeakDetector@71248c21
DEBUG main io.netty.util.Recycler - -Dio.netty.recycler.maxCapacityPerThread: 4096
DEBUG main io.netty.util.Recycler - -Dio.netty.recycler.ratio: 8
DEBUG main io.netty.util.Recycler - -Dio.netty.recycler.chunkSize: 32
DEBUG main io.netty.util.Recycler - -Dio.netty.recycler.blocking: false
DEBUG main io.netty.util.Recycler - -Dio.netty.recycler.batchFastThreadLocalOnly: true
DEBUG main io.netty.util.internal.PlatformDependent - org.jctools-core.MpscChunkedArrayQueue: available
DEBUG main io.netty.util.internal.logging.InternalLoggerFactory - Using SLF4J as the default logging framework
DEBUG main io.netty.util.internal.InternalThreadLocalMap - -Dio.netty.threadLocalMap.stringBuilder.initialSize: 1024
DEBUG main io.netty.util.internal.InternalThreadLocalMap - -Dio.netty.threadLocalMap.stringBuilder.maxSize: 4096
DEBUG main io.netty.util.internal.PlatformDependent0 - -Dio.netty.noUnsafe: false
DEBUG main io.netty.util.internal.PlatformDependent0 - Java version: 17
DEBUG main io.netty.util.internal.PlatformDependent0 - sun.misc.Unsafe.theUnsafe: available
DEBUG main io.netty.util.internal.PlatformDependent0 - sun.misc.Unsafe.copyMemory: available
DEBUG main io.netty.util.internal.PlatformDependent0 - sun.misc.Unsafe.storeFence: available
DEBUG main io.netty.util.internal.PlatformDependent0 - java.nio.Buffer.address: available
DEBUG main io.netty.util.internal.PlatformDependent0 - direct buffer constructor: unavailable: Reflective setAccessible(true) disabled
DEBUG main io.netty.util.internal.PlatformDependent0 - java.nio.Bits.unaligned: available, true
DEBUG main io.netty.util.internal.PlatformDependent0 - jdk.internal.misc.Unsafe.allocateUninitializedArray(int): unavailable: class io.netty.util.internal.PlatformDependent0$7 cannot access class jdk.internal.misc.Unsafe (in module java.base) because module java.base does not export jdk.internal.misc to unnamed module @5f4da5c3
DEBUG main io.netty.util.internal.PlatformDependent0 - java.nio.DirectByteBuffer.<init>(long, int): unavailable
DEBUG main io.netty.util.internal.PlatformDependent - sun.misc.Unsafe: available
DEBUG main io.netty.util.internal.PlatformDependent - maxDirectMemory: 4253024256 bytes (maybe)
DEBUG main io.netty.util.internal.PlatformDependent - -Dio.netty.tmpdir: C:\Users\fuzhe\AppData\Local\Temp (java.io.tmpdir)
DEBUG main io.netty.util.internal.PlatformDependent - -Dio.netty.bitMode: 64 (sun.arch.data.model)
DEBUG main io.netty.util.internal.PlatformDependent - Platform: Windows
DEBUG main io.netty.util.internal.PlatformDependent - -Dio.netty.maxDirectMemory: -1 bytes
DEBUG main io.netty.util.internal.PlatformDependent - -Dio.netty.uninitializedArrayAllocationThreshold: -1
DEBUG main io.netty.util.internal.CleanerJava9 - java.nio.ByteBuffer.cleaner(): available
DEBUG main io.netty.util.internal.PlatformDependent - -Dio.netty.noPreferDirect: false
DEBUG main io.netty.util.ResourceLeakDetector - -Dio.netty.leakDetection.level: simple
DEBUG main io.netty.util.ResourceLeakDetector - -Dio.netty.leakDetection.targetRecords: 4
DEBUG main io.netty.buffer.PooledByteBufAllocator - -Dio.netty.allocator.numHeapArenas: 16
DEBUG main io.netty.buffer.PooledByteBufAllocator - -Dio.netty.allocator.numDirectArenas: 16
DEBUG main io.netty.buffer.PooledByteBufAllocator - -Dio.netty.allocator.pageSize: 8192
DEBUG main io.netty.buffer.PooledByteBufAllocator - -Dio.netty.allocator.maxOrder: 9
DEBUG main io.netty.buffer.PooledByteBufAllocator - -Dio.netty.allocator.chunkSize: 4194304
DEBUG main io.netty.buffer.PooledByteBufAllocator - -Dio.netty.allocator.smallCacheSize: 256
DEBUG main io.netty.buffer.PooledByteBufAllocator - -Dio.netty.allocator.normalCacheSize: 64
DEBUG main io.netty.buffer.PooledByteBufAllocator - -Dio.netty.allocator.maxCachedBufferCapacity: 32768
DEBUG main io.netty.buffer.PooledByteBufAllocator - -Dio.netty.allocator.cacheTrimInterval: 8192
DEBUG main io.netty.buffer.PooledByteBufAllocator - -Dio.netty.allocator.cacheTrimIntervalMillis: 0
DEBUG main io.netty.buffer.PooledByteBufAllocator - -Dio.netty.allocator.useCacheForAllThreads: false
DEBUG main io.netty.buffer.PooledByteBufAllocator - -Dio.netty.allocator.maxCachedByteBuffersPerChunk: 1023
DEBUG main io.netty.buffer.ByteBufUtil - -Dio.netty.allocator.type: pooled
DEBUG main io.netty.buffer.ByteBufUtil - -Dio.netty.threadLocalDirectBufferSize: 0
DEBUG main io.netty.buffer.ByteBufUtil - -Dio.netty.maxThreadLocalCharBufferSize: 16384
DEBUG main io.netty.buffer.AbstractByteBuf - -Dio.netty.buffer.checkAccessible: true
DEBUG main io.netty.buffer.AbstractByteBuf - -Dio.netty.buffer.checkBounds: true
DEBUG main io.netty.util.ResourceLeakDetectorFactory - Loaded default ResourceLeakDetector: io.netty.util.ResourceLeakDetector@71248c21
DEBUG main io.netty.util.Recycler - -Dio.netty.recycler.maxCapacityPerThread: 4096
DEBUG main io.netty.util.Recycler - -Dio.netty.recycler.ratio: 8
DEBUG main io.netty.util.Recycler - -Dio.netty.recycler.chunkSize: 32
DEBUG main io.netty.util.Recycler - -Dio.netty.recycler.blocking: false
DEBUG main io.netty.util.Recycler - -Dio.netty.recycler.batchFastThreadLocalOnly: true
DEBUG main io.netty.util.internal.PlatformDependent - org.jctools-core.MpscChunkedArrayQueue: available
DEBUG main io.netty.util.internal.logging.InternalLoggerFactory - Using SLF4J as the default logging framework
DEBUG main io.netty.util.internal.InternalThreadLocalMap - -Dio.netty.threadLocalMap.stringBuilder.initialSize: 1024
DEBUG main io.netty.util.internal.InternalThreadLocalMap - -Dio.netty.threadLocalMap.stringBuilder.maxSize: 4096
DEBUG main io.netty.util.internal.PlatformDependent0 - -Dio.netty.noUnsafe: false
DEBUG main io.netty.util.internal.PlatformDependent0 - Java version: 17
DEBUG main io.netty.util.internal.PlatformDependent0 - sun.misc.Unsafe.theUnsafe: available
DEBUG main io.netty.util.internal.PlatformDependent0 - sun.misc.Unsafe.copyMemory: available
DEBUG main io.netty.util.internal.PlatformDependent0 - sun.misc.Unsafe.storeFence: available
DEBUG main io.netty.util.internal.PlatformDependent0 - java.nio.Buffer.address: available
DEBUG main io.netty.util.internal.PlatformDependent0 - direct buffer constructor: unavailable: Reflective setAccessible(true) disabled
DEBUG main io.netty.util.internal.PlatformDependent0 - java.nio.Bits.unaligned: available, true
DEBUG main io.netty.util.internal.PlatformDependent0 - jdk.internal.misc.Unsafe.allocateUninitializedArray(int): unavailable: class io.netty.util.internal.PlatformDependent0$7 cannot access class jdk.internal.misc.Unsafe (in module java.base) because module java.base does not export jdk.internal.misc to unnamed module @5f4da5c3
DEBUG main io.netty.util.internal.PlatformDependent0 - java.nio.DirectByteBuffer.<init>(long, int): unavailable
DEBUG main io.netty.util.internal.PlatformDependent - sun.misc.Unsafe: available
DEBUG main io.netty.util.internal.PlatformDependent - maxDirectMemory: 4253024256 bytes (maybe)
DEBUG main io.netty.util.internal.PlatformDependent - -Dio.netty.tmpdir: C:\Users\fuzhe\AppData\Local\Temp (java.io.tmpdir)
DEBUG main io.netty.util.internal.PlatformDependent - -Dio.netty.bitMode: 64 (sun.arch.data.model)
DEBUG main io.netty.util.internal.PlatformDependent - Platform: Windows
DEBUG main io.netty.util.internal.PlatformDependent - -Dio.netty.maxDirectMemory: -1 bytes
DEBUG main io.netty.util.internal.PlatformDependent - -Dio.netty.uninitializedArrayAllocationThreshold: -1
DEBUG main io.netty.util.internal.CleanerJava9 - java.nio.ByteBuffer.cleaner(): available
DEBUG main io.netty.util.internal.PlatformDependent - -Dio.netty.noPreferDirect: false
DEBUG main io.netty.util.ResourceLeakDetector - -Dio.netty.leakDetection.level: simple
DEBUG main io.netty.util.ResourceLeakDetector - -Dio.netty.leakDetection.targetRecords: 4
DEBUG main io.netty.buffer.PooledByteBufAllocator - -Dio.netty.allocator.numHeapArenas: 16
DEBUG main io.netty.buffer.PooledByteBufAllocator - -Dio.netty.allocator.numDirectArenas: 16
DEBUG main io.netty.buffer.PooledByteBufAllocator - -Dio.netty.allocator.pageSize: 8192
DEBUG main io.netty.buffer.PooledByteBufAllocator - -Dio.netty.allocator.maxOrder: 9
DEBUG main io.netty.buffer.PooledByteBufAllocator - -Dio.netty.allocator.chunkSize: 4194304
DEBUG main io.netty.buffer.PooledByteBufAllocator - -Dio.netty.allocator.smallCacheSize: 256
DEBUG main io.netty.buffer.PooledByteBufAllocator - -Dio.netty.allocator.normalCacheSize: 64
DEBUG main io.netty.buffer.PooledByteBufAllocator - -Dio.netty.allocator.maxCachedBufferCapacity: 32768
DEBUG main io.netty.buffer.PooledByteBufAllocator - -Dio.netty.allocator.cacheTrimInterval: 8192
DEBUG main io.netty.buffer.PooledByteBufAllocator - -Dio.netty.allocator.cacheTrimIntervalMillis: 0
DEBUG main io.netty.buffer.PooledByteBufAllocator - -Dio.netty.allocator.useCacheForAllThreads: false
DEBUG main io.netty.buffer.PooledByteBufAllocator - -Dio.netty.allocator.maxCachedByteBuffersPerChunk: 1023
DEBUG main io.netty.buffer.ByteBufUtil - -Dio.netty.allocator.type: pooled
DEBUG main io.netty.buffer.ByteBufUtil - -Dio.netty.threadLocalDirectBufferSize: 0
DEBUG main io.netty.buffer.ByteBufUtil - -Dio.netty.maxThreadLocalCharBufferSize: 16384
DEBUG main io.netty.buffer.AbstractByteBuf - -Dio.netty.buffer.checkAccessible: true
DEBUG main io.netty.buffer.AbstractByteBuf - -Dio.netty.buffer.checkBounds: true
DEBUG main io.netty.util.ResourceLeakDetectorFactory - Loaded default ResourceLeakDetector: io.netty.util.ResourceLeakDetector@71248c21
DEBUG main io.netty.util.Recycler - -Dio.netty.recycler.maxCapacityPerThread: 4096
DEBUG main io.netty.util.Recycler - -Dio.netty.recycler.ratio: 8
DEBUG main io.netty.util.Recycler - -Dio.netty.recycler.chunkSize: 32
DEBUG main io.netty.util.Recycler - -Dio.netty.recycler.blocking: false
DEBUG main io.netty.util.Recycler - -Dio.netty.recycler.batchFastThreadLocalOnly: true
DEBUG main io.netty.util.internal.PlatformDependent - org.jctools-core.MpscChunkedArrayQueue: available
DEBUG main io.netty.util.internal.logging.InternalLoggerFactory - Using SLF4J as the default logging framework
DEBUG main io.netty.util.internal.InternalThreadLocalMap - -Dio.netty.threadLocalMap.stringBuilder.initialSize: 1024
DEBUG main io.netty.util.internal.InternalThreadLocalMap - -Dio.netty.threadLocalMap.stringBuilder.maxSize: 4096
DEBUG main io.netty.util.internal.PlatformDependent0 - -Dio.netty.noUnsafe: false
DEBUG main io.netty.util.internal.PlatformDependent0 - Java version: 17
DEBUG main io.netty.util.internal.PlatformDependent0 - sun.misc.Unsafe.theUnsafe: available
DEBUG main io.netty.util.internal.PlatformDependent0 - sun.misc.Unsafe.copyMemory: available
DEBUG main io.netty.util.internal.PlatformDependent0 - sun.misc.Unsafe.storeFence: available
DEBUG main io.netty.util.internal.PlatformDependent0 - java.nio.Buffer.address: available
DEBUG main io.netty.util.internal.PlatformDependent0 - direct buffer constructor: unavailable: Reflective setAccessible(true) disabled
DEBUG main io.netty.util.internal.PlatformDependent0 - java.nio.Bits.unaligned: available, true
DEBUG main io.netty.util.internal.PlatformDependent0 - jdk.internal.misc.Unsafe.allocateUninitializedArray(int): unavailable: class io.netty.util.internal.PlatformDependent0$7 cannot access class jdk.internal.misc.Unsafe (in module java.base) because module java.base does not export jdk.internal.misc to unnamed module @5f4da5c3
DEBUG main io.netty.util.internal.PlatformDependent0 - java.nio.DirectByteBuffer.<init>(long, int): unavailable
DEBUG main io.netty.util.internal.PlatformDependent - sun.misc.Unsafe: available
DEBUG main io.netty.util.internal.PlatformDependent - maxDirectMemory: 4253024256 bytes (maybe)
DEBUG main io.netty.util.internal.PlatformDependent - -Dio.netty.tmpdir: C:\Users\fuzhe\AppData\Local\Temp (java.io.tmpdir)
DEBUG main io.netty.util.internal.PlatformDependent - -Dio.netty.bitMode: 64 (sun.arch.data.model)
DEBUG main io.netty.util.internal.PlatformDependent - Platform: Windows
DEBUG main io.netty.util.internal.PlatformDependent - -Dio.netty.maxDirectMemory: -1 bytes
DEBUG main io.netty.util.internal.PlatformDependent - -Dio.netty.uninitializedArrayAllocationThreshold: -1
DEBUG main io.netty.util.internal.CleanerJava9 - java.nio.ByteBuffer.cleaner(): available
DEBUG main io.netty.util.internal.PlatformDependent - -Dio.netty.noPreferDirect: false
DEBUG main io.netty.util.ResourceLeakDetector - -Dio.netty.leakDetection.level: simple
DEBUG main io.netty.util.ResourceLeakDetector - -Dio.netty.leakDetection.targetRecords: 4
DEBUG main io.netty.buffer.PooledByteBufAllocator - -Dio.netty.allocator.numHeapArenas: 16
DEBUG main io.netty.buffer.PooledByteBufAllocator - -Dio.netty.allocator.numDirectArenas: 16
DEBUG main io.netty.buffer.PooledByteBufAllocator - -Dio.netty.allocator.pageSize: 8192
DEBUG main io.netty.buffer.PooledByteBufAllocator - -Dio.netty.allocator.maxOrder: 9
DEBUG main io.netty.buffer.PooledByteBufAllocator - -Dio.netty.allocator.chunkSize: 4194304
DEBUG main io.netty.buffer.PooledByteBufAllocator - -Dio.netty.allocator.smallCacheSize: 256
DEBUG main io.netty.buffer.PooledByteBufAllocator - -Dio.netty.allocator.normalCacheSize: 64
DEBUG main io.netty.buffer.PooledByteBufAllocator - -Dio.netty.allocator.maxCachedBufferCapacity: 32768
DEBUG main io.netty.buffer.PooledByteBufAllocator - -Dio.netty.allocator.cacheTrimInterval: 8192
DEBUG main io.netty.buffer.PooledByteBufAllocator - -Dio.netty.allocator.cacheTrimIntervalMillis: 0
DEBUG main io.netty.buffer.PooledByteBufAllocator - -Dio.netty.allocator.useCacheForAllThreads: false
DEBUG main io.netty.buffer.PooledByteBufAllocator - -Dio.netty.allocator.maxCachedByteBuffersPerChunk: 1023
DEBUG main io.netty.buffer.ByteBufUtil - -Dio.netty.allocator.type: pooled
DEBUG main io.netty.buffer.ByteBufUtil - -Dio.netty.threadLocalDirectBufferSize: 0
DEBUG main io.netty.buffer.ByteBufUtil - -Dio.netty.maxThreadLocalCharBufferSize: 16384
DEBUG main io.netty.buffer.AbstractByteBuf - -Dio.netty.buffer.checkAccessible: true
DEBUG main io.netty.buffer.AbstractByteBuf - -Dio.netty.buffer.checkBounds: true
DEBUG main io.netty.util.ResourceLeakDetectorFactory - Loaded default ResourceLeakDetector: io.netty.util.ResourceLeakDetector@71248c21
DEBUG main io.netty.util.Recycler - -Dio.netty.recycler.maxCapacityPerThread: 4096
DEBUG main io.netty.util.Recycler - -Dio.netty.recycler.ratio: 8
DEBUG main io.netty.util.Recycler - -Dio.netty.recycler.chunkSize: 32
DEBUG main io.netty.util.Recycler - -Dio.netty.recycler.blocking: false
DEBUG main io.netty.util.Recycler - -Dio.netty.recycler.batchFastThreadLocalOnly: true
DEBUG main io.netty.util.internal.PlatformDependent - org.jctools-core.MpscChunkedArrayQueue: available
DEBUG main io.netty.util.internal.logging.InternalLoggerFactory - Using SLF4J as the default logging framework
DEBUG main io.netty.util.internal.InternalThreadLocalMap - -Dio.netty.threadLocalMap.stringBuilder.initialSize: 1024
DEBUG main io.netty.util.internal.InternalThreadLocalMap - -Dio.netty.threadLocalMap.stringBuilder.maxSize: 4096
DEBUG main io.netty.util.internal.PlatformDependent0 - -Dio.netty.noUnsafe: false
DEBUG main io.netty.util.internal.PlatformDependent0 - Java version: 17
DEBUG main io.netty.util.internal.PlatformDependent0 - sun.misc.Unsafe.theUnsafe: available
DEBUG main io.netty.util.internal.PlatformDependent0 - sun.misc.Unsafe.copyMemory: available
DEBUG main io.netty.util.internal.PlatformDependent0 - sun.misc.Unsafe.storeFence: available
DEBUG main io.netty.util.internal.PlatformDependent0 - java.nio.Buffer.address: available
DEBUG main io.netty.util.internal.PlatformDependent0 - direct buffer constructor: unavailable: Reflective setAccessible(true) disabled
DEBUG main io.netty.util.internal.PlatformDependent0 - java.nio.Bits.unaligned: available, true
DEBUG main io.netty.util.internal.PlatformDependent0 - jdk.internal.misc.Unsafe.allocateUninitializedArray(int): unavailable: class io.netty.util.internal.PlatformDependent0$7 cannot access class jdk.internal.misc.Unsafe (in module java.base) because module java.base does not export jdk.internal.misc to unnamed module @5f4da5c3
DEBUG main io.netty.util.internal.PlatformDependent0 - java.nio.DirectByteBuffer.<init>(long, int): unavailable
DEBUG main io.netty.util.internal.PlatformDependent - sun.misc.Unsafe: available
DEBUG main io.netty.util.internal.PlatformDependent - maxDirectMemory: 4253024256 bytes (maybe)
DEBUG main io.netty.util.internal.PlatformDependent - -Dio.netty.tmpdir: C:\Users\fuzhe\AppData\Local\Temp (java.io.tmpdir)
DEBUG main io.netty.util.internal.PlatformDependent - -Dio.netty.bitMode: 64 (sun.arch.data.model)
DEBUG main io.netty.util.internal.PlatformDependent - Platform: Windows
DEBUG main io.netty.util.internal.PlatformDependent - -Dio.netty.maxDirectMemory: -1 bytes
DEBUG main io.netty.util.internal.PlatformDependent - -Dio.netty.uninitializedArrayAllocationThreshold: -1
DEBUG main io.netty.util.internal.CleanerJava9 - java.nio.ByteBuffer.cleaner(): available
DEBUG main io.netty.util.internal.PlatformDependent - -Dio.netty.noPreferDirect: false
DEBUG main io.netty.util.ResourceLeakDetector - -Dio.netty.leakDetection.level: simple
DEBUG main io.netty.util.ResourceLeakDetector - -Dio.netty.leakDetection.targetRecords: 4
DEBUG main io.netty.buffer.PooledByteBufAllocator - -Dio.netty.allocator.numHeapArenas: 16
DEBUG main io.netty.buffer.PooledByteBufAllocator - -Dio.netty.allocator.numDirectArenas: 16
DEBUG main io.netty.buffer.PooledByteBufAllocator - -Dio.netty.allocator.pageSize: 8192
DEBUG main io.netty.buffer.PooledByteBufAllocator - -Dio.netty.allocator.maxOrder: 9
DEBUG main io.netty.buffer.PooledByteBufAllocator - -Dio.netty.allocator.chunkSize: 4194304
DEBUG main io.netty.buffer.PooledByteBufAllocator - -Dio.netty.allocator.smallCacheSize: 256
DEBUG main io.netty.buffer.PooledByteBufAllocator - -Dio.netty.allocator.normalCacheSize: 64
DEBUG main io.netty.buffer.PooledByteBufAllocator - -Dio.netty.allocator.maxCachedBufferCapacity: 32768
DEBUG main io.netty.buffer.PooledByteBufAllocator - -Dio.netty.allocator.cacheTrimInterval: 8192
DEBUG main io.netty.buffer.PooledByteBufAllocator - -Dio.netty.allocator.cacheTrimIntervalMillis: 0
DEBUG main io.netty.buffer.PooledByteBufAllocator - -Dio.netty.allocator.useCacheForAllThreads: false
DEBUG main io.netty.buffer.PooledByteBufAllocator - -Dio.netty.allocator.maxCachedByteBuffersPerChunk: 1023
DEBUG main io.netty.buffer.ByteBufUtil - -Dio.netty.allocator.type: pooled
DEBUG main io.netty.buffer.ByteBufUtil - -Dio.netty.threadLocalDirectBufferSize: 0
DEBUG main io.netty.buffer.ByteBufUtil - -Dio.netty.maxThreadLocalCharBufferSize: 16384
DEBUG main io.netty.buffer.AbstractByteBuf - -Dio.netty.buffer.checkAccessible: true
DEBUG main io.netty.buffer.AbstractByteBuf - -Dio.netty.buffer.checkBounds: true
DEBUG main io.netty.util.ResourceLeakDetectorFactory - Loaded default ResourceLeakDetector: io.netty.util.ResourceLeakDetector@71248c21
DEBUG main io.netty.util.Recycler - -Dio.netty.recycler.maxCapacityPerThread: 4096
DEBUG main io.netty.util.Recycler - -Dio.netty.recycler.ratio: 8
DEBUG main io.netty.util.Recycler - -Dio.netty.recycler.chunkSize: 32
DEBUG main io.netty.util.Recycler - -Dio.netty.recycler.blocking: false
DEBUG main io.netty.util.Recycler - -Dio.netty.recycler.batchFastThreadLocalOnly: true
DEBUG main io.netty.util.internal.PlatformDependent - org.jctools-core.MpscChunkedArrayQueue: available
DEBUG main io.netty.util.internal.logging.InternalLoggerFactory - Using SLF4J as the default logging framework
DEBUG main io.netty.util.internal.InternalThreadLocalMap - -Dio.netty.threadLocalMap.stringBuilder.initialSize: 1024
DEBUG main io.netty.util.internal.InternalThreadLocalMap - -Dio.netty.threadLocalMap.stringBuilder.maxSize: 4096
DEBUG main io.netty.util.internal.PlatformDependent0 - -Dio.netty.noUnsafe: false
DEBUG main io.netty.util.internal.PlatformDependent0 - Java version: 17
DEBUG main io.netty.util.internal.PlatformDependent0 - sun.misc.Unsafe.theUnsafe: available
DEBUG main io.netty.util.internal.PlatformDependent0 - sun.misc.Unsafe.copyMemory: available
DEBUG main io.netty.util.internal.PlatformDependent0 - sun.misc.Unsafe.storeFence: available
DEBUG main io.netty.util.internal.PlatformDependent0 - java.nio.Buffer.address: available
DEBUG main io.netty.util.internal.PlatformDependent0 - direct buffer constructor: unavailable: Reflective setAccessible(true) disabled
DEBUG main io.netty.util.internal.PlatformDependent0 - java.nio.Bits.unaligned: available, true
DEBUG main io.netty.util.internal.PlatformDependent0 - jdk.internal.misc.Unsafe.allocateUninitializedArray(int): unavailable: class io.netty.util.internal.PlatformDependent0$7 cannot access class jdk.internal.misc.Unsafe (in module java.base) because module java.base does not export jdk.internal.misc to unnamed module @5f4da5c3
DEBUG main io.netty.util.internal.PlatformDependent0 - java.nio.DirectByteBuffer.<init>(long, int): unavailable
DEBUG main io.netty.util.internal.PlatformDependent - sun.misc.Unsafe: available
DEBUG main io.netty.util.internal.PlatformDependent - maxDirectMemory: 4253024256 bytes (maybe)
DEBUG main io.netty.util.internal.PlatformDependent - -Dio.netty.tmpdir: C:\Users\fuzhe\AppData\Local\Temp (java.io.tmpdir)
DEBUG main io.netty.util.internal.PlatformDependent - -Dio.netty.bitMode: 64 (sun.arch.data.model)
DEBUG main io.netty.util.internal.PlatformDependent - Platform: Windows
DEBUG main io.netty.util.internal.PlatformDependent - -Dio.netty.maxDirectMemory: -1 bytes
DEBUG main io.netty.util.internal.PlatformDependent - -Dio.netty.uninitializedArrayAllocationThreshold: -1
DEBUG main io.netty.util.internal.CleanerJava9 - java.nio.ByteBuffer.cleaner(): available
DEBUG main io.netty.util.internal.PlatformDependent - -Dio.netty.noPreferDirect: false
DEBUG main io.netty.util.ResourceLeakDetector - -Dio.netty.leakDetection.level: simple
DEBUG main io.netty.util.ResourceLeakDetector - -Dio.netty.leakDetection.targetRecords: 4
DEBUG main io.netty.buffer.PooledByteBufAllocator - -Dio.netty.allocator.numHeapArenas: 16
DEBUG main io.netty.buffer.PooledByteBufAllocator - -Dio.netty.allocator.numDirectArenas: 16
DEBUG main io.netty.buffer.PooledByteBufAllocator - -Dio.netty.allocator.pageSize: 8192
DEBUG main io.netty.buffer.PooledByteBufAllocator - -Dio.netty.allocator.maxOrder: 9
DEBUG main io.netty.buffer.PooledByteBufAllocator - -Dio.netty.allocator.chunkSize: 4194304
DEBUG main io.netty.buffer.PooledByteBufAllocator - -Dio.netty.allocator.smallCacheSize: 256
DEBUG main io.netty.buffer.PooledByteBufAllocator - -Dio.netty.allocator.normalCacheSize: 64
DEBUG main io.netty.buffer.PooledByteBufAllocator - -Dio.netty.allocator.maxCachedBufferCapacity: 32768
DEBUG main io.netty.buffer.PooledByteBufAllocator - -Dio.netty.allocator.cacheTrimInterval: 8192
DEBUG main io.netty.buffer.PooledByteBufAllocator - -Dio.netty.allocator.cacheTrimIntervalMillis: 0
DEBUG main io.netty.buffer.PooledByteBufAllocator - -Dio.netty.allocator.useCacheForAllThreads: false
DEBUG main io.netty.buffer.PooledByteBufAllocator - -Dio.netty.allocator.maxCachedByteBuffersPerChunk: 1023
DEBUG main io.netty.buffer.ByteBufUtil - -Dio.netty.allocator.type: pooled
DEBUG main io.netty.buffer.ByteBufUtil - -Dio.netty.threadLocalDirectBufferSize: 0
DEBUG main io.netty.buffer.ByteBufUtil - -Dio.netty.maxThreadLocalCharBufferSize: 16384
DEBUG main io.netty.buffer.AbstractByteBuf - -Dio.netty.buffer.checkAccessible: true
DEBUG main io.netty.buffer.AbstractByteBuf - -Dio.netty.buffer.checkBounds: true
DEBUG main io.netty.util.ResourceLeakDetectorFactory - Loaded default ResourceLeakDetector: io.netty.util.ResourceLeakDetector@71248c21
DEBUG main io.netty.util.Recycler - -Dio.netty.recycler.maxCapacityPerThread: 4096
DEBUG main io.netty.util.Recycler - -Dio.netty.recycler.ratio: 8
DEBUG main io.netty.util.Recycler - -Dio.netty.recycler.chunkSize: 32
DEBUG main io.netty.util.Recycler - -Dio.netty.recycler.blocking: false
DEBUG main io.netty.util.Recycler - -Dio.netty.recycler.batchFastThreadLocalOnly: true
DEBUG main io.netty.util.internal.PlatformDependent - org.jctools-core.MpscChunkedArrayQueue: available
DEBUG main io.netty.util.internal.logging.InternalLoggerFactory - Using SLF4J as the default logging framework
DEBUG main io.netty.util.internal.InternalThreadLocalMap - -Dio.netty.threadLocalMap.stringBuilder.initialSize: 1024
DEBUG main io.netty.util.internal.InternalThreadLocalMap - -Dio.netty.threadLocalMap.stringBuilder.maxSize: 4096
DEBUG main io.netty.util.internal.PlatformDependent0 - -Dio.netty.noUnsafe: false
DEBUG main io.netty.util.internal.PlatformDependent0 - Java version: 17
DEBUG main io.netty.util.internal.PlatformDependent0 - sun.misc.Unsafe.theUnsafe: available
DEBUG main io.netty.util.internal.PlatformDependent0 - sun.misc.Unsafe.copyMemory: available
DEBUG main io.netty.util.internal.PlatformDependent0 - sun.misc.Unsafe.storeFence: available
DEBUG main io.netty.util.internal.PlatformDependent0 - java.nio.Buffer.address: available
DEBUG main io.netty.util.internal.PlatformDependent0 - direct buffer constructor: unavailable: Reflective setAccessible(true) disabled
DEBUG main io.netty.util.internal.PlatformDependent0 - java.nio.Bits.unaligned: available, true
DEBUG main io.netty.util.internal.PlatformDependent0 - jdk.internal.misc.Unsafe.allocateUninitializedArray(int): unavailable: class io.netty.util.internal.PlatformDependent0$7 cannot access class jdk.internal.misc.Unsafe (in module java.base) because module java.base does not export jdk.internal.misc to unnamed module @5f4da5c3
DEBUG main io.netty.util.internal.PlatformDependent0 - java.nio.DirectByteBuffer.<init>(long, int): unavailable
DEBUG main io.netty.util.internal.PlatformDependent - sun.misc.Unsafe: available
DEBUG main io.netty.util.internal.PlatformDependent - maxDirectMemory: 4253024256 bytes (maybe)
DEBUG main io.netty.util.internal.PlatformDependent - -Dio.netty.tmpdir: C:\Users\fuzhe\AppData\Local\Temp (java.io.tmpdir)
DEBUG main io.netty.util.internal.PlatformDependent - -Dio.netty.bitMode: 64 (sun.arch.data.model)
DEBUG main io.netty.util.internal.PlatformDependent - Platform: Windows
DEBUG main io.netty.util.internal.PlatformDependent - -Dio.netty.maxDirectMemory: -1 bytes
DEBUG main io.netty.util.internal.PlatformDependent - -Dio.netty.uninitializedArrayAllocationThreshold: -1
DEBUG main io.netty.util.internal.CleanerJava9 - java.nio.ByteBuffer.cleaner(): available
DEBUG main io.netty.util.internal.PlatformDependent - -Dio.netty.noPreferDirect: false
DEBUG main io.netty.util.ResourceLeakDetector - -Dio.netty.leakDetection.level: simple
DEBUG main io.netty.util.ResourceLeakDetector - -Dio.netty.leakDetection.targetRecords: 4
DEBUG main io.netty.buffer.PooledByteBufAllocator - -Dio.netty.allocator.numHeapArenas: 16
DEBUG main io.netty.buffer.PooledByteBufAllocator - -Dio.netty.allocator.numDirectArenas: 16
DEBUG main io.netty.buffer.PooledByteBufAllocator - -Dio.netty.allocator.pageSize: 8192
DEBUG main io.netty.buffer.PooledByteBufAllocator - -Dio.netty.allocator.maxOrder: 9
DEBUG main io.netty.buffer.PooledByteBufAllocator - -Dio.netty.allocator.chunkSize: 4194304
DEBUG main io.netty.buffer.PooledByteBufAllocator - -Dio.netty.allocator.smallCacheSize: 256
DEBUG main io.netty.buffer.PooledByteBufAllocator - -Dio.netty.allocator.normalCacheSize: 64
DEBUG main io.netty.buffer.PooledByteBufAllocator - -Dio.netty.allocator.maxCachedBufferCapacity: 32768
DEBUG main io.netty.buffer.PooledByteBufAllocator - -Dio.netty.allocator.cacheTrimInterval: 8192
DEBUG main io.netty.buffer.PooledByteBufAllocator - -Dio.netty.allocator.cacheTrimIntervalMillis: 0
DEBUG main io.netty.buffer.PooledByteBufAllocator - -Dio.netty.allocator.useCacheForAllThreads: false
DEBUG main io.netty.buffer.PooledByteBufAllocator - -Dio.netty.allocator.maxCachedByteBuffersPerChunk: 1023
DEBUG main io.netty.buffer.ByteBufUtil - -Dio.netty.allocator.type: pooled
DEBUG main io.netty.buffer.ByteBufUtil - -Dio.netty.threadLocalDirectBufferSize: 0
DEBUG main io.netty.buffer.ByteBufUtil - -Dio.netty.maxThreadLocalCharBufferSize: 16384
DEBUG main io.netty.buffer.AbstractByteBuf - -Dio.netty.buffer.checkAccessible: true
DEBUG main io.netty.buffer.AbstractByteBuf - -Dio.netty.buffer.checkBounds: true
DEBUG main io.netty.util.ResourceLeakDetectorFactory - Loaded default ResourceLeakDetector: io.netty.util.ResourceLeakDetector@71248c21
DEBUG main io.netty.util.Recycler - -Dio.netty.recycler.maxCapacityPerThread: 4096
DEBUG main io.netty.util.Recycler - -Dio.netty.recycler.ratio: 8
DEBUG main io.netty.util.Recycler - -Dio.netty.recycler.chunkSize: 32
DEBUG main io.netty.util.Recycler - -Dio.netty.recycler.blocking: false
DEBUG main io.netty.util.Recycler - -Dio.netty.recycler.batchFastThreadLocalOnly: true
DEBUG main io.netty.util.internal.PlatformDependent - org.jctools-core.MpscChunkedArrayQueue: available
DEBUG main io.netty.util.internal.logging.InternalLoggerFactory - Using SLF4J as the default logging framework
DEBUG main io.netty.util.internal.InternalThreadLocalMap - -Dio.netty.threadLocalMap.stringBuilder.initialSize: 1024
DEBUG main io.netty.util.internal.InternalThreadLocalMap - -Dio.netty.threadLocalMap.stringBuilder.maxSize: 4096
DEBUG main io.netty.util.internal.PlatformDependent0 - -Dio.netty.noUnsafe: false
DEBUG main io.netty.util.internal.PlatformDependent0 - Java version: 17
DEBUG main io.netty.util.internal.PlatformDependent0 - sun.misc.Unsafe.theUnsafe: available
DEBUG main io.netty.util.internal.PlatformDependent0 - sun.misc.Unsafe.copyMemory: available
DEBUG main io.netty.util.internal.PlatformDependent0 - sun.misc.Unsafe.storeFence: available
DEBUG main io.netty.util.internal.PlatformDependent0 - java.nio.Buffer.address: available
DEBUG main io.netty.util.internal.PlatformDependent0 - direct buffer constructor: unavailable: Reflective setAccessible(true) disabled
DEBUG main io.netty.util.internal.PlatformDependent0 - java.nio.Bits.unaligned: available, true
DEBUG main io.netty.util.internal.PlatformDependent0 - jdk.internal.misc.Unsafe.allocateUninitializedArray(int): unavailable: class io.netty.util.internal.PlatformDependent0$7 cannot access class jdk.internal.misc.Unsafe (in module java.base) because module java.base does not export jdk.internal.misc to unnamed module @5f4da5c3
DEBUG main io.netty.util.internal.PlatformDependent0 - java.nio.DirectByteBuffer.<init>(long, int): unavailable
DEBUG main io.netty.util.internal.PlatformDependent - sun.misc.Unsafe: available
DEBUG main io.netty.util.internal.PlatformDependent - maxDirectMemory: 4253024256 bytes (maybe)
DEBUG main io.netty.util.internal.PlatformDependent - -Dio.netty.tmpdir: C:\Users\fuzhe\AppData\Local\Temp (java.io.tmpdir)
DEBUG main io.netty.util.internal.PlatformDependent - -Dio.netty.bitMode: 64 (sun.arch.data.model)
DEBUG main io.netty.util.internal.PlatformDependent - Platform: Windows
DEBUG main io.netty.util.internal.PlatformDependent - -Dio.netty.maxDirectMemory: -1 bytes
DEBUG main io.netty.util.internal.PlatformDependent - -Dio.netty.uninitializedArrayAllocationThreshold: -1
DEBUG main io.netty.util.internal.CleanerJava9 - java.nio.ByteBuffer.cleaner(): available
DEBUG main io.netty.util.internal.PlatformDependent - -Dio.netty.noPreferDirect: false
DEBUG main io.netty.util.ResourceLeakDetector - -Dio.netty.leakDetection.level: simple
DEBUG main io.netty.util.ResourceLeakDetector - -Dio.netty.leakDetection.targetRecords: 4
DEBUG main io.netty.buffer.PooledByteBufAllocator - -Dio.netty.allocator.numHeapArenas: 16
DEBUG main io.netty.buffer.PooledByteBufAllocator - -Dio.netty.allocator.numDirectArenas: 16
DEBUG main io.netty.buffer.PooledByteBufAllocator - -Dio.netty.allocator.pageSize: 8192
DEBUG main io.netty.buffer.PooledByteBufAllocator - -Dio.netty.allocator.maxOrder: 9
DEBUG main io.netty.buffer.PooledByteBufAllocator - -Dio.netty.allocator.chunkSize: 4194304
DEBUG main io.netty.buffer.PooledByteBufAllocator - -Dio.netty.allocator.smallCacheSize: 256
DEBUG main io.netty.buffer.PooledByteBufAllocator - -Dio.netty.allocator.normalCacheSize: 64
DEBUG main io.netty.buffer.PooledByteBufAllocator - -Dio.netty.allocator.maxCachedBufferCapacity: 32768
DEBUG main io.netty.buffer.PooledByteBufAllocator - -Dio.netty.allocator.cacheTrimInterval: 8192
DEBUG main io.netty.buffer.PooledByteBufAllocator - -Dio.netty.allocator.cacheTrimIntervalMillis: 0
DEBUG main io.netty.buffer.PooledByteBufAllocator - -Dio.netty.allocator.useCacheForAllThreads: false
DEBUG main io.netty.buffer.PooledByteBufAllocator - -Dio.netty.allocator.maxCachedByteBuffersPerChunk: 1023
DEBUG main io.netty.buffer.ByteBufUtil - -Dio.netty.allocator.type: pooled
DEBUG main io.netty.buffer.ByteBufUtil - -Dio.netty.threadLocalDirectBufferSize: 0
DEBUG main io.netty.buffer.ByteBufUtil - -Dio.netty.maxThreadLocalCharBufferSize: 16384
DEBUG main io.netty.buffer.AbstractByteBuf - -Dio.netty.buffer.checkAccessible: true
DEBUG main io.netty.buffer.AbstractByteBuf - -Dio.netty.buffer.checkBounds: true
DEBUG main io.netty.util.ResourceLeakDetectorFactory - Loaded default ResourceLeakDetector: io.netty.util.ResourceLeakDetector@71248c21
DEBUG main io.netty.util.Recycler - -Dio.netty.recycler.maxCapacityPerThread: 4096
DEBUG main io.netty.util.Recycler - -Dio.netty.recycler.ratio: 8
DEBUG main io.netty.util.Recycler - -Dio.netty.recycler.chunkSize: 32
DEBUG main io.netty.util.Recycler - -Dio.netty.recycler.blocking: false
DEBUG main io.netty.util.Recycler - -Dio.netty.recycler.batchFastThreadLocalOnly: true
DEBUG main io.netty.util.internal.PlatformDependent - org.jctools-core.MpscChunkedArrayQueue: available
